<?xml version="1.0" encoding="UTF-8"?>
<!-- Generated by org.testng.reporters.JUnitReportReporter -->
<testsuite skipped="0" hostname="DESKTOP-NDPJGFV" name="com.juicePlusTest.TS.ValidCompleteForm_TC" tests="2" failures="0" timestamp="10 Apr 2020 14:14:37 GMT" time="5.821" errors="0">
  <testcase name="submitValidForm" time="1.470" classname="com.juicePlusTest.TS.ValidCompleteForm_TC"/>
  <testcase name="verifyValidSuccessMsg" time="4.351" classname="com.juicePlusTest.TS.ValidCompleteForm_TC"/>
</testsuite> <!-- com.juicePlusTest.TS.ValidCompleteForm_TC -->
