<?xml version="1.0" encoding="UTF-8"?>
<!-- Generated by org.testng.reporters.JUnitReportReporter -->
<testsuite skipped="0" hostname="DESKTOP-NDPJGFV" name="com.juicePlusTest.TS.ContactUS_TC" tests="1" failures="0" timestamp="02 May 2020 06:26:54 GMT" time="10.645" errors="0">
  <testcase name="tapAboutUS" time="10.645" classname="com.juicePlusTest.TS.ContactUS_TC"/>
</testsuite> <!-- com.juicePlusTest.TS.ContactUS_TC -->
